<?xml version="1.0" encoding="UTF-8"?>
<!-- Generated by org.testng.reporters.JUnitReportReporter -->
<testsuite hostname="hp" failures="0" tests="1" name="LISTINERS.Handling_Listernes" time="0.008" errors="0" timestamp="2025-08-01T10:06:35 IST" skipped="0">
  <testcase classname="LISTINERS.Handling_Listernes" name="listenerstest" time="0.008">
    <system-out>
      <![CDATA[listenerss tesr
siut execution sucess]]>
    </system-out>
  </testcase> <!-- listenerstest -->
  <system-out>
    <![CDATA[siut execution started-configuree report
Bs-connteing to the dadtabase
siut execution started
Bt-configure the parallel execution
Bc-launch the broswer
Bm-login ti the broswer
listenerss tesr
siut execution sucess
AM-logout the broswer
Ac-quit the broswer
At-close the parallexecution
siut execution started ended
As-Disconnteing to the dadtabase]]>
  </system-out>
</testsuite> <!-- LISTINERS.Handling_Listernes -->
