<?xml version="1.0" encoding="UTF-8"?>
<!-- Generated by org.testng.reporters.JUnitReportReporter -->
<testsuite hostname="hp" failures="0" tests="3" name="testNG.using_priorityflag" time="0.021" errors="0" timestamp="2025-07-29T10:02:05 IST" skipped="0">
  <testcase classname="testNG.using_priorityflag" name="create" time="0.015"/>
  <testcase classname="testNG.using_priorityflag" name="register" time="0.003"/>
  <testcase classname="testNG.using_priorityflag" name="login" time="0.003"/>
</testsuite> <!-- testNG.using_priorityflag -->
