<?xml version="1.0" encoding="UTF-8"?>
<!-- Generated by org.testng.reporters.JUnitReportReporter -->
<testsuite hostname="hp" failures="0" tests="3" name="testNG.create_sampletest1" time="0.030" errors="0" timestamp="2025-07-29T09:57:42 IST" skipped="0">
  <testcase classname="testNG.create_sampletest1" name="demo2" time="0.003"/>
  <testcase classname="testNG.create_sampletest1" name="demo" time="0.020"/>
  <testcase classname="testNG.create_sampletest1" name="demo1" time="0.007"/>
</testsuite> <!-- testNG.create_sampletest1 -->
