<?xml version="1.0" encoding="UTF-8"?>
<!-- Generated by org.testng.reporters.JUnitReportReporter -->
<testsuite hostname="hp" failures="0" tests="1" name="Assertions.Using_SoftAssert" time="10.265" errors="0" timestamp="2025-07-31T09:15:23 IST" skipped="0">
  <testcase classname="Assertions.Using_SoftAssert" name="softassert" time="10.265"/>
</testsuite> <!-- Assertions.Using_SoftAssert -->
