<?xml version="1.0" encoding="UTF-8"?>
<!-- Generated by org.testng.reporters.JUnitReportReporter -->
<testsuite hostname="hp" failures="0" tests="1" name="testNG.Create_simpleTest" time="0.018" errors="0" timestamp="2025-07-29T09:47:56 IST" skipped="0">
  <testcase classname="testNG.Create_simpleTest" name="sampleTest" time="0.018"/>
</testsuite> <!-- testNG.Create_simpleTest -->
