<?xml version="1.0" encoding="UTF-8"?>
<!-- Generated by org.testng.reporters.JUnitReportReporter -->
<testsuite hostname="hp" failures="0" tests="2" name="Annotions.Utilizing_BaseClass" time="0.032" errors="0" timestamp="2025-08-01T09:22:45 IST" skipped="0">
  <testcase classname="Annotions.Utilizing_BaseClass" name="modify" time="0.022">
    <system-out>
      <![CDATA[modify the product]]>
    </system-out>
  </testcase> <!-- modify -->
  <testcase classname="Annotions.Utilizing_BaseClass" name="textscript" time="0.010">
    <system-out>
      <![CDATA[create a product]]>
    </system-out>
  </testcase> <!-- textscript -->
  <system-out>
    <![CDATA[Bs-connteing to the dadtabase
Bt-configure the parallel execution
Bc-launch the broswer
Bm-login ti the broswer
modify the product
AM-logout the broswer
Bm-login ti the broswer
create a product
AM-logout the broswer
Ac-quit the broswer
At-close the parallexecution
As-Disconnteing to the dadtabase]]>
  </system-out>
</testsuite> <!-- Annotions.Utilizing_BaseClass -->
