<?xml version="1.0" encoding="UTF-8"?>
<!-- Generated by org.testng.reporters.JUnitReportReporter -->
<testsuite hostname="hp" failures="0" tests="3" name="DataProviders.Using_MultipleSetOfData" time="0.032" errors="0" timestamp="2025-07-31T19:22:52 IST" skipped="0">
  <testcase classname="DataProviders.Using_MultipleSetOfData" name="LogintestScript" time="0.004"/>
  <testcase classname="DataProviders.Using_MultipleSetOfData" name="LogintestScript" time="0.009"/>
  <testcase classname="DataProviders.Using_MultipleSetOfData" name="LogintestScript" time="0.019"/>
</testsuite> <!-- DataProviders.Using_MultipleSetOfData -->
